<?xml version="1.0" encoding="UTF-8"?>
<testsuite xmlns:xsi="http://www.w3.org/2001/XMLSchema-instance" xsi:noNamespaceSchemaLocation="https://maven.apache.org/surefire/maven-surefire-plugin/xsd/surefire-test-report-3.0.xsd" version="3.0" name="TestSuite" time="32.268" tests="1" errors="0" skipped="0" failures="1">
  <properties>
[...]
</properties>
  <testcase name="runScenario[&quot;Verify the Title&quot;, &quot;Orange Login functionality&quot;](1)" classname="RunnerPackage.HRMRunner" time="25.723">
    <failure message="expected [https://www.google.com/] but found [https://opensource-demo.orangehrmlive.com/web/index.php/auth/login]" type="java.lang.AssertionError"><![CDATA[java.lang.AssertionError: expected [https://www.google.com/] but found [https://opensource-demo.orangehrmlive.com/web/index.php/auth/login]
	at org.testng.Assert.fail(Assert.java:97)
	at org.testng.Assert.assertEqualsImpl(Assert.java:136)
	at org.testng.Assert.assertEquals(Assert.java:118)
	at org.testng.Assert.assertEquals(Assert.java:575)
	at org.testng.Assert.assertEquals(Assert.java:585)
	at StepDefinitionPackage.HrmStepDefinition.we_are_on_home_page(HrmStepDefinition.java:26)
	at ✽.We are on home page(file:///C:/Users/gaurav/eclipse-workspace/NCucumberProjectAr/src/test/java/FeaturePackage/Hrm.feature:5)
]]></failure>
    <system-out><![CDATA[
@sanity
Scenario: Verify the Title            # src/test/java/FeaturePackage/Hrm.feature:4
Current Url is..https://www.google.com/
  Given We are on home page           # StepDefinitionPackage.HrmStepDefinition.we_are_on_home_page()
      java.lang.AssertionError: expected [https://www.google.com/] but found [https://opensource-demo.orangehrmlive.com/web/index.php/auth/login]
	at org.testng.Assert.fail(Assert.java:97)
	at org.testng.Assert.assertEqualsImpl(Assert.java:136)
	at org.testng.Assert.assertEquals(Assert.java:118)
	at org.testng.Assert.assertEquals(Assert.java:575)
	at org.testng.Assert.assertEquals(Assert.java:585)
	at StepDefinitionPackage.HrmStepDefinition.we_are_on_home_page(HrmStepDefinition.java:26)
	at âœ½.We are on home page(file:///C:/Users/gaurav/eclipse-workspace/NCucumberProjectAr/src/test/java/FeaturePackage/Hrm.feature:5)

  When I get the title of page        # StepDefinitionPackage.HrmStepDefinition.i_get_the_title_of_page()
  And Verify the expected with actual # StepDefinitionPackage.HrmStepDefinition.verify_the_expected_with_actual()
  Then Result should be true          # StepDefinitionPackage.HrmStepDefinition.result_should_be_true()
]]></system-out>
    <system-err><![CDATA[SLF4J: Failed to load class "org.slf4j.impl.StaticLoggerBinder".
SLF4J: Defaulting to no-operation (NOP) logger implementation
SLF4J: See http://www.slf4j.org/codes.html#StaticLoggerBinder for further details.
Starting ChromeDriver 114.0.5735.90 (386bc09e8f4f2e025eddae123f36f6263096ae49-refs/branch-heads/5735@{#1052}) on port 21873
Only local connections are allowed.
Please see https://chromedriver.chromium.org/security-considerations for suggestions on keeping ChromeDriver safe.
ChromeDriver was started successfully.
Jul 15, 2023 4:15:34 PM org.openqa.selenium.remote.ProtocolHandshake createSession
INFO: Detected dialect: W3C
]]></system-err>
  </testcase>
</testsuite>