<?xml version="1.0" encoding="UTF-8"?>
<testng-results ignored="0" total="1" passed="1" failed="0" skipped="0">
  <reporter-output>
  </reporter-output>
  <suite started-at="2023-07-14T18:45:50 IST" name="Suite" finished-at="2023-07-14T18:46:59 IST" duration-ms="69003">
    <groups>
      <group name="cucumber">
        <method signature="AbstractTestNGCucumberTests.runScenario(io.cucumber.testng.PickleWrapper, io.cucumber.testng.FeatureWrapper)[pri:0, instance:RunnerPackage.HRMRunner@73ee04c8]" name="runScenario" class="io.cucumber.testng.AbstractTestNGCucumberTests"/>
      </group> <!-- cucumber -->
    </groups>
    <test started-at="2023-07-14T18:45:50 IST" name="Test" finished-at="2023-07-14T18:46:59 IST" duration-ms="69003">
      <class name="RunnerPackage.HRMRunner">
        <test-method is-config="true" signature="setUpClass(org.testng.ITestContext)[pri:0, instance:RunnerPackage.HRMRunner@73ee04c8]" started-at="2023-07-14T18:45:50 IST" name="setUpClass" finished-at="2023-07-14T18:45:53 IST" duration-ms="2669" status="PASS">
          <params>
            <param index="0">
              <value>
                <![CDATA[org.testng.TestRunner@55fdf7f9]]>
              </value>
            </param>
          </params>
          <reporter-output>
          </reporter-output>
        </test-method> <!-- setUpClass -->
        <test-method signature="runScenario(io.cucumber.testng.PickleWrapper, io.cucumber.testng.FeatureWrapper)[pri:0, instance:RunnerPackage.HRMRunner@73ee04c8]" started-at="2023-07-14T18:45:53 IST" name="runScenario" description="Runs Cucumber Scenarios" data-provider="scenarios" finished-at="2023-07-14T18:46:52 IST" duration-ms="59187" status="PASS">
          <params>
            <param index="0">
              <value>
                <![CDATA["Add employee information using valid details"]]>
              </value>
            </param>
            <param index="1">
              <value>
                <![CDATA["HRM dashboard functionality"]]>
              </value>
            </param>
          </params>
          <reporter-output>
          </reporter-output>
        </test-method> <!-- runScenario -->
        <test-method is-config="true" signature="tearDownClass()[pri:0, instance:RunnerPackage.HRMRunner@73ee04c8]" started-at="2023-07-14T18:46:52 IST" name="tearDownClass" finished-at="2023-07-14T18:46:59 IST" duration-ms="7013" status="PASS">
          <reporter-output>
          </reporter-output>
        </test-method> <!-- tearDownClass -->
      </class> <!-- RunnerPackage.HRMRunner -->
    </test> <!-- Test -->
  </suite> <!-- Suite -->
</testng-results>
